
> next-app@0.1.0 dev
> next dev

  ▲ Next.js 14.2.35
  - Local:        http://localhost:3000
  - Environments: .env.local

 ✓ Starting...
 ✓ Ready in 9.3s
 ✓ Compiled /src/middleware in 332ms (123 modules)
 ○ Compiling / ...
request to https://fonts.googleapis.com/css2?family=Inter:wght@100..900&display=swap failed, reason: 

Retrying 1/3...
request to https://fonts.googleapis.com/css2?family=Playfair+Display:wght@400;500;600;700&display=swap failed, reason: 

Retrying 1/3...
request to https://fonts.googleapis.com/css2?family=Inter:wght@100..900&display=swap failed, reason: 

Retrying 2/3...
request to https://fonts.googleapis.com/css2?family=Playfair+Display:wght@400;500;600;700&display=swap failed, reason: 

Retrying 2/3...
request to https://fonts.googleapis.com/css2?family=Inter:wght@100..900&display=swap failed, reason: 

Retrying 3/3...
request to https://fonts.googleapis.com/css2?family=Playfair+Display:wght@400;500;600;700&display=swap failed, reason: 

Retrying 3/3...
FetchError: request to https://fonts.googleapis.com/css2?family=Inter:wght@100..900&display=swap failed, reason: 
    at ClientRequest.<anonymous> (/home/DejiTech/lawsa-iuo/lawsa-iuo/node_modules/next/dist/compiled/node-fetch/index.js:1:66160)
    at ClientRequest.emit (node:events:508:20)
    at emitErrorEvent (node:_http_client:108:11)
    at TLSSocket.socketErrorListener (node:_http_client:575:5)
    at TLSSocket.emit (node:events:508:20)
    at emitErrorNT (node:internal/streams/destroy:170:8)
    at emitErrorCloseNT (node:internal/streams/destroy:129:3)
    at processTicksAndRejections (node:internal/process/task_queues:90:21)
    at runNextTicks (node:internal/process/task_queues:69:3)
    at listOnTimeout (node:internal/timers:567:9)
    at process.processTimers (node:internal/timers:541:7) {
  type: 'system',
  errno: 'ETIMEDOUT',
  code: 'ETIMEDOUT'
}
 ⨯ Failed to download `Inter` from Google Fonts. Using fallback font instead.

Failed to fetch `Inter` from Google Fonts.}
FetchError: request to https://fonts.googleapis.com/css2?family=Playfair+Display:wght@400;500;600;700&display=swap failed, reason: 
    at ClientRequest.<anonymous> (/home/DejiTech/lawsa-iuo/lawsa-iuo/node_modules/next/dist/compiled/node-fetch/index.js:1:66160)
    at ClientRequest.emit (node:events:508:20)
    at emitErrorEvent (node:_http_client:108:11)
    at TLSSocket.socketErrorListener (node:_http_client:575:5)
    at TLSSocket.emit (node:events:508:20)
    at emitErrorNT (node:internal/streams/destroy:170:8)
    at emitErrorCloseNT (node:internal/streams/destroy:129:3)
    at process.processTicksAndRejections (node:internal/process/task_queues:90:21) {
  type: 'system',
  errno: 'ETIMEDOUT',
  code: 'ETIMEDOUT'
}
 ⨯ Failed to download `Playfair Display` from Google Fonts. Using fallback font instead.

Failed to fetch `Playfair Display` from Google Fonts.}
[?25h
